# JRE version: Java(TM) SE Runtime Environment (21.0.2+13) (build 21.0.2+13-LTS-58)
# Java VM: Java HotSpot(TM) 64-Bit Server VM (21.0.2+13-LTS-58, mixed mode, emulated-client, sharing, tiered, compressed oops, compressed class ptrs, g1 gc, windows-amd64)
GC Precious Log:
 CardTable entry size: 512
 Card Set container configuration: InlinePtr #cards 5 size 8 Array Of Cards #cards 12 size 40 Howl #buckets 4 coarsen threshold 1843 Howl Bitmap #cards 512 size 80 coarsen threshold 460 Card regions per heap region 1 cards per card region 2048
 CPUs: 8 total, 8 available
 Memory: 7934M
 Large Page Support: Disabled
 NUMA Support: Disabled
 Compressed Oops: Enabled (32-bit)
 Heap Region Size: 1M
 Heap Min Capacity: 8M
 Heap Initial Capacity: 124M
 Heap Max Capacity: 1984M
 Pre-touch: Disabled
 Parallel Workers: 8
 Concurrent Workers: 2
 Concurrent Refinement Workers: 8
 Periodic GC: Disabled
Heap:
 garbage-first heap   total 99328K, used 71918K [0x0000000084000000, 0x0000000100000000)
  region size 1024K, 38 young (38912K), 4 survivors (4096K)
 Metaspace       used 78581K, committed 79488K, reserved 1179648K
  class space    used 10687K, committed 11136K, reserved 1048576K
GC Heap History (20 events):
Event: 5640.730 GC heap after
{Heap after GC invocations=50 (full 9):
 garbage-first heap   total 99328K, used 37910K [0x0000000084000000, 0x0000000100000000)
  region size 1024K, 4 young (4096K), 4 survivors (4096K)
 Metaspace       used 77454K, committed 78272K, reserved 1179648K
  class space    used 10546K, committed 10944K, reserved 1048576K
}
Event: 6539.050 GC heap before
{Heap before GC invocations=51 (full 9):
 garbage-first heap   total 99328K, used 85014K [0x0000000084000000, 0x0000000100000000)
  region size 1024K, 50 young (51200K), 4 survivors (4096K)
 Metaspace       used 77410K, committed 78272K, reserved 1179648K
  class space    used 10535K, committed 10944K, reserved 1048576K
}
Event: 6539.083 GC heap after
{Heap after GC invocations=52 (full 9):
 garbage-first heap   total 99328K, used 38219K [0x0000000084000000, 0x0000000100000000)
  region size 1024K, 4 young (4096K), 4 survivors (4096K)
 Metaspace       used 77410K, committed 78272K, reserved 1179648K
  class space    used 10535K, committed 10944K, reserved 1048576K
}
Event: 7437.669 GC heap before
{Heap before GC invocations=52 (full 9):
 garbage-first heap   total 99328K, used 85323K [0x0000000084000000, 0x0000000100000000)
  region size 1024K, 50 young (51200K), 4 survivors (4096K)
 Metaspace       used 77416K, committed 78272K, reserved 1179648K
  class space    used 10536K, committed 10944K, reserved 1048576K
}
Event: 7437.688 GC heap after
{Heap after GC invocations=53 (full 9):
 garbage-first heap   total 99328K, used 35700K [0x0000000084000000, 0x0000000100000000)
  region size 1024K, 4 young (4096K), 4 survivors (4096K)
 Metaspace       used 77416K, committed 78272K, reserved 1179648K
  class space    used 10536K, committed 10944K, reserved 1048576K
}
Event: 7688.425 GC heap before
{Heap before GC invocations=53 (full 9):
 garbage-first heap   total 99328K, used 49012K [0x0000000084000000, 0x0000000100000000)
  region size 1024K, 18 young (18432K), 4 survivors (4096K)
 Metaspace       used 77423K, committed 78272K, reserved 1179648K
  class space    used 10538K, committed 10944K, reserved 1048576K
}
Event: 7688.646 GC heap after
{Heap after GC invocations=54 (full 10):
 garbage-first heap   total 99328K, used 28043K [0x0000000084000000, 0x0000000100000000)
  region size 1024K, 0 young (0K), 0 survivors (0K)
 Metaspace       used 77384K, committed 78272K, reserved 1179648K
  class space    used 10529K, committed 10944K, reserved 1048576K
}
Event: 7689.277 GC heap before
{Heap before GC invocations=54 (full 10):
 garbage-first heap   total 99328K, used 86411K [0x0000000084000000, 0x0000000100000000)
  region size 1024K, 58 young (59392K), 0 survivors (0K)
 Metaspace       used 77665K, committed 78528K, reserved 1179648K
  class space    used 10589K, committed 11008K, reserved 1048576K
}
Event: 7689.287 GC heap after
{Heap after GC invocations=55 (full 10):
 garbage-first heap   total 99328K, used 34267K [0x0000000084000000, 0x0000000100000000)
  region size 1024K, 7 young (7168K), 7 survivors (7168K)
 Metaspace       used 77665K, committed 78528K, reserved 1179648K
  class space    used 10589K, committed 11008K, reserved 1048576K
}
Event: 7696.946 GC heap before
{Heap before GC invocations=56 (full 10):
 garbage-first heap   total 99328K, used 57819K [0x0000000084000000, 0x0000000100000000)
  region size 1024K, 31 young (31744K), 7 survivors (7168K)
 Metaspace       used 77890K, committed 78848K, reserved 1179648K
  class space    used 10614K, committed 11072K, reserved 1048576K
}
Event: 7697.003 GC heap after
{Heap after GC invocations=57 (full 11):
 garbage-first heap   total 99328K, used 29887K [0x0000000084000000, 0x0000000100000000)
  region size 1024K, 0 young (0K), 0 survivors (0K)
 Metaspace       used 77823K, committed 78848K, reserved 1179648K
  class space    used 10598K, committed 11072K, reserved 1048576K
}
Event: 7697.473 GC heap before
{Heap before GC invocations=57 (full 11):
 garbage-first heap   total 99328K, used 85183K [0x0000000084000000, 0x0000000100000000)
  region size 1024K, 55 young (56320K), 0 survivors (0K)
 Metaspace       used 78019K, committed 78912K, reserved 1179648K
  class space    used 10619K, committed 11072K, reserved 1048576K
}
Event: 7697.477 GC heap after
{Heap after GC invocations=58 (full 11):
 garbage-first heap   total 99328K, used 34590K [0x0000000084000000, 0x0000000100000000)
  region size 1024K, 5 young (5120K), 5 survivors (5120K)
 Metaspace       used 78019K, committed 78912K, reserved 1179648K
  class space    used 10619K, committed 11072K, reserved 1048576K
}
Event: 7743.245 GC heap before
{Heap before GC invocations=59 (full 11):
 garbage-first heap   total 99328K, used 57118K [0x0000000084000000, 0x0000000100000000)
  region size 1024K, 28 young (28672K), 5 survivors (5120K)
 Metaspace       used 78116K, committed 79040K, reserved 1179648K
  class space    used 10626K, committed 11072K, reserved 1048576K
}
Event: 7743.297 GC heap after
{Heap after GC invocations=60 (full 12):
 garbage-first heap   total 99328K, used 30153K [0x0000000084000000, 0x0000000100000000)
  region size 1024K, 0 young (0K), 0 survivors (0K)
 Metaspace       used 78106K, committed 79040K, reserved 1179648K
  class space    used 10625K, committed 11072K, reserved 1048576K
}
Event: 7743.665 GC heap before
{Heap before GC invocations=60 (full 12):
 garbage-first heap   total 99328K, used 84425K [0x0000000084000000, 0x0000000100000000)
  region size 1024K, 54 young (55296K), 0 survivors (0K)
 Metaspace       used 78255K, committed 79168K, reserved 1179648K
  class space    used 10649K, committed 11072K, reserved 1048576K
}
Event: 7743.669 GC heap after
{Heap after GC invocations=61 (full 12):
 garbage-first heap   total 99328K, used 34675K [0x0000000084000000, 0x0000000100000000)
  region size 1024K, 5 young (5120K), 5 survivors (5120K)
 Metaspace       used 78255K, committed 79168K, reserved 1179648K
  class space    used 10649K, committed 11072K, reserved 1048576K
}
Event: 8236.626 GC heap before
{Heap before GC invocations=62 (full 12):
 garbage-first heap   total 99328K, used 84851K [0x0000000084000000, 0x0000000100000000)
  region size 1024K, 54 young (55296K), 5 survivors (5120K)
 Metaspace       used 78445K, committed 79360K, reserved 1179648K
  class space    used 10661K, committed 11072K, reserved 1048576K
}
Event: 8236.642 GC heap after
{Heap after GC invocations=63 (full 12):
 garbage-first heap   total 99328K, used 37180K [0x0000000084000000, 0x0000000100000000)
  region size 1024K, 4 young (4096K), 4 survivors (4096K)
 Metaspace       used 78445K, committed 79360K, reserved 1179648K
  class space    used 10661K, committed 11072K, reserved 1048576K
}
Event: 8923.024 GC heap before
{Heap before GC invocations=63 (full 12):
 garbage-first heap   total 99328K, used 70972K [0x0000000084000000, 0x0000000100000000)
  region size 1024K, 38 young (38912K), 4 survivors (4096K)
 Metaspace       used 78581K, committed 79488K, reserved 1179648K
  class space    used 10687K, committed 11136K, reserved 1048576K
}

