# JRE version: Java(TM) SE Runtime Environment (21.0.2+13) (build 21.0.2+13-LTS-58)
# Java VM: Java HotSpot(TM) 64-Bit Server VM (21.0.2+13-LTS-58, mixed mode, emulated-client, sharing, tiered, compressed oops, compressed class ptrs, g1 gc, windows-amd64)
GC Precious Log:
 CardTable entry size: 512
 Card Set container configuration: InlinePtr #cards 5 size 8 Array Of Cards #cards 12 size 40 Howl #buckets 4 coarsen threshold 1843 Howl Bitmap #cards 512 size 80 coarsen threshold 460 Card regions per heap region 1 cards per card region 2048
 CPUs: 8 total, 8 available
 Memory: 7934M
 Large Page Support: Disabled
 NUMA Support: Disabled
 Compressed Oops: Enabled (32-bit)
 Heap Region Size: 1M
 Heap Min Capacity: 8M
 Heap Initial Capacity: 124M
 Heap Max Capacity: 1984M
 Pre-touch: Disabled
 Parallel Workers: 8
 Concurrent Workers: 2
 Concurrent Refinement Workers: 8
 Periodic GC: Disabled
Heap:
 garbage-first heap   total 106496K, used 63242K [0x0000000084000000, 0x0000000100000000)
  region size 1024K, 33 young (33792K), 6 survivors (6144K)
 Metaspace       used 77487K, committed 78336K, reserved 1179648K
  class space    used 10678K, committed 11072K, reserved 1048576K
GC Heap History (20 events):
Event: 2.562 GC heap before
{Heap before GC invocations=13 (full 0):
 garbage-first heap   total 72704K, used 58178K [0x0000000084000000, 0x0000000100000000)
  region size 1024K, 42 young (43008K), 6 survivors (6144K)
 Metaspace       used 35429K, committed 36096K, reserved 1114112K
  class space    used 4735K, committed 5056K, reserved 1048576K
}
Event: 2.566 GC heap after
{Heap after GC invocations=14 (full 0):
 garbage-first heap   total 72704K, used 22694K [0x0000000084000000, 0x0000000100000000)
  region size 1024K, 4 young (4096K), 4 survivors (4096K)
 Metaspace       used 35429K, committed 36096K, reserved 1114112K
  class space    used 4735K, committed 5056K, reserved 1048576K
}
Event: 2.742 GC heap before
{Heap before GC invocations=14 (full 0):
 garbage-first heap   total 72704K, used 61606K [0x0000000084000000, 0x0000000100000000)
  region size 1024K, 42 young (43008K), 4 survivors (4096K)
 Metaspace       used 39128K, committed 39744K, reserved 1114112K
  class space    used 5307K, committed 5568K, reserved 1048576K
}
Event: 2.745 GC heap after
{Heap after GC invocations=15 (full 0):
 garbage-first heap   total 88064K, used 23600K [0x0000000084000000, 0x0000000100000000)
  region size 1024K, 3 young (3072K), 3 survivors (3072K)
 Metaspace       used 39128K, committed 39744K, reserved 1114112K
  class space    used 5307K, committed 5568K, reserved 1048576K
}
Event: 2.792 GC heap before
{Heap before GC invocations=15 (full 0):
 garbage-first heap   total 88064K, used 32816K [0x0000000084000000, 0x0000000100000000)
  region size 1024K, 13 young (13312K), 3 survivors (3072K)
 Metaspace       used 39969K, committed 40576K, reserved 1114112K
  class space    used 5468K, committed 5760K, reserved 1048576K
}
Event: 2.795 GC heap after
{Heap after GC invocations=16 (full 0):
 garbage-first heap   total 88064K, used 23632K [0x0000000084000000, 0x0000000100000000)
  region size 1024K, 3 young (3072K), 3 survivors (3072K)
 Metaspace       used 39969K, committed 40576K, reserved 1114112K
  class space    used 5468K, committed 5760K, reserved 1048576K
}
Event: 3.218 GC heap before
{Heap before GC invocations=17 (full 0):
 garbage-first heap   total 88064K, used 72784K [0x0000000084000000, 0x0000000100000000)
  region size 1024K, 51 young (52224K), 3 survivors (3072K)
 Metaspace       used 47425K, committed 48000K, reserved 1114112K
  class space    used 6404K, committed 6656K, reserved 1048576K
}
Event: 3.221 GC heap after
{Heap after GC invocations=18 (full 0):
 garbage-first heap   total 88064K, used 25597K [0x0000000084000000, 0x0000000100000000)
  region size 1024K, 5 young (5120K), 5 survivors (5120K)
 Metaspace       used 47425K, committed 48000K, reserved 1114112K
  class space    used 6404K, committed 6656K, reserved 1048576K
}
Event: 3.465 GC heap before
{Heap before GC invocations=18 (full 0):
 garbage-first heap   total 88064K, used 71677K [0x0000000084000000, 0x0000000100000000)
  region size 1024K, 51 young (52224K), 5 survivors (5120K)
 Metaspace       used 51791K, committed 52416K, reserved 1114112K
  class space    used 6981K, committed 7232K, reserved 1048576K
}
Event: 3.470 GC heap after
{Heap after GC invocations=19 (full 0):
 garbage-first heap   total 88064K, used 26683K [0x0000000084000000, 0x0000000100000000)
  region size 1024K, 5 young (5120K), 5 survivors (5120K)
 Metaspace       used 51791K, committed 52416K, reserved 1114112K
  class space    used 6981K, committed 7232K, reserved 1048576K
}
Event: 3.731 GC heap before
{Heap before GC invocations=19 (full 0):
 garbage-first heap   total 88064K, used 72763K [0x0000000084000000, 0x0000000100000000)
  region size 1024K, 51 young (52224K), 5 survivors (5120K)
 Metaspace       used 57158K, committed 57792K, reserved 1114112K
  class space    used 7770K, committed 8064K, reserved 1048576K
}
Event: 3.734 GC heap after
{Heap after GC invocations=20 (full 0):
 garbage-first heap   total 88064K, used 27916K [0x0000000084000000, 0x0000000100000000)
  region size 1024K, 5 young (5120K), 5 survivors (5120K)
 Metaspace       used 57158K, committed 57792K, reserved 1114112K
  class space    used 7770K, committed 8064K, reserved 1048576K
}
Event: 3.983 GC heap before
{Heap before GC invocations=20 (full 0):
 garbage-first heap   total 88064K, used 75020K [0x0000000084000000, 0x0000000100000000)
  region size 1024K, 51 young (52224K), 5 survivors (5120K)
 Metaspace       used 61423K, committed 62080K, reserved 1114112K
  class space    used 8459K, committed 8768K, reserved 1048576K
}
Event: 3.988 GC heap after
{Heap after GC invocations=21 (full 0):
 garbage-first heap   total 106496K, used 28871K [0x0000000084000000, 0x0000000100000000)
  region size 1024K, 4 young (4096K), 4 survivors (4096K)
 Metaspace       used 61423K, committed 62080K, reserved 1114112K
  class space    used 8459K, committed 8768K, reserved 1048576K
}
Event: 7.421 GC heap before
{Heap before GC invocations=22 (full 0):
 garbage-first heap   total 106496K, used 88263K [0x0000000084000000, 0x0000000100000000)
  region size 1024K, 62 young (63488K), 4 survivors (4096K)
 Metaspace       used 66379K, committed 67136K, reserved 1114112K
  class space    used 9169K, committed 9536K, reserved 1048576K
}
Event: 7.425 GC heap after
{Heap after GC invocations=23 (full 0):
 garbage-first heap   total 106496K, used 31194K [0x0000000084000000, 0x0000000100000000)
  region size 1024K, 6 young (6144K), 6 survivors (6144K)
 Metaspace       used 66379K, committed 67136K, reserved 1114112K
  class space    used 9169K, committed 9536K, reserved 1048576K
}
Event: 13.308 GC heap before
{Heap before GC invocations=23 (full 0):
 garbage-first heap   total 106496K, used 88538K [0x0000000084000000, 0x0000000100000000)
  region size 1024K, 62 young (63488K), 6 survivors (6144K)
 Metaspace       used 70842K, committed 71680K, reserved 1114112K
  class space    used 9794K, committed 10176K, reserved 1048576K
}
Event: 13.316 GC heap after
{Heap after GC invocations=24 (full 0):
 garbage-first heap   total 106496K, used 33939K [0x0000000084000000, 0x0000000100000000)
  region size 1024K, 8 young (8192K), 8 survivors (8192K)
 Metaspace       used 70842K, committed 71680K, reserved 1114112K
  class space    used 9794K, committed 10176K, reserved 1048576K
}
Event: 13.679 GC heap before
{Heap before GC invocations=24 (full 0):
 garbage-first heap   total 106496K, used 88211K [0x0000000084000000, 0x0000000100000000)
  region size 1024K, 62 young (63488K), 8 survivors (8192K)
 Metaspace       used 75870K, committed 76736K, reserved 1179648K
  class space    used 10468K, committed 10880K, reserved 1048576K
}
Event: 13.685 GC heap after
{Heap after GC invocations=25 (full 0):
 garbage-first heap   total 106496K, used 36618K [0x0000000084000000, 0x0000000100000000)
  region size 1024K, 6 young (6144K), 6 survivors (6144K)
 Metaspace       used 75870K, committed 76736K, reserved 1179648K
  class space    used 10468K, committed 10880K, reserved 1048576K
}

