# JRE version: Java(TM) SE Runtime Environment (21.0.2+13) (build 21.0.2+13-LTS-58)
# Java VM: Java HotSpot(TM) 64-Bit Server VM (21.0.2+13-LTS-58, mixed mode, emulated-client, sharing, tiered, compressed oops, compressed class ptrs, g1 gc, windows-amd64)
GC Precious Log:
 CardTable entry size: 512
 Card Set container configuration: InlinePtr #cards 5 size 8 Array Of Cards #cards 12 size 40 Howl #buckets 4 coarsen threshold 1843 Howl Bitmap #cards 512 size 80 coarsen threshold 460 Card regions per heap region 1 cards per card region 2048
 CPUs: 8 total, 8 available
 Memory: 7934M
 Large Page Support: Disabled
 NUMA Support: Disabled
 Compressed Oops: Enabled (32-bit)
 Heap Region Size: 1M
 Heap Min Capacity: 8M
 Heap Initial Capacity: 124M
 Heap Max Capacity: 1984M
 Pre-touch: Disabled
 Parallel Workers: 8
 Concurrent Workers: 2
 Concurrent Refinement Workers: 8
 Periodic GC: Disabled
Heap:
 garbage-first heap   total 96256K, used 39228K [0x0000000084000000, 0x0000000100000000)
  region size 1024K, 8 young (8192K), 3 survivors (3072K)
 Metaspace       used 77591K, committed 78592K, reserved 1179648K
  class space    used 10543K, committed 11008K, reserved 1048576K
GC Heap History (20 events):
Event: 1211.955 GC heap before
{Heap before GC invocations=49 (full 9):
 garbage-first heap   total 102400K, used 87045K [0x0000000084000000, 0x0000000100000000)
  region size 1024K, 56 young (57344K), 0 survivors (0K)
 Metaspace       used 76409K, committed 77248K, reserved 1179648K
  class space    used 10411K, committed 10816K, reserved 1048576K
}
Event: 1211.959 GC heap after
{Heap after GC invocations=50 (full 9):
 garbage-first heap   total 102400K, used 35339K [0x0000000084000000, 0x0000000100000000)
  region size 1024K, 5 young (5120K), 5 survivors (5120K)
 Metaspace       used 76409K, committed 77248K, reserved 1179648K
  class space    used 10411K, committed 10816K, reserved 1048576K
}
Event: 1999.471 GC heap before
{Heap before GC invocations=51 (full 9):
 garbage-first heap   total 102400K, used 89611K [0x0000000084000000, 0x0000000100000000)
  region size 1024K, 58 young (59392K), 5 survivors (5120K)
 Metaspace       used 76477K, committed 77312K, reserved 1179648K
  class space    used 10414K, committed 10816K, reserved 1048576K
}
Event: 1999.486 GC heap after
{Heap after GC invocations=52 (full 9):
 garbage-first heap   total 102400K, used 36254K [0x0000000084000000, 0x0000000100000000)
  region size 1024K, 3 young (3072K), 3 survivors (3072K)
 Metaspace       used 76477K, committed 77312K, reserved 1179648K
  class space    used 10414K, committed 10816K, reserved 1048576K
}
Event: 3087.711 GC heap before
{Heap before GC invocations=52 (full 9):
 garbage-first heap   total 102400K, used 89502K [0x0000000084000000, 0x0000000100000000)
  region size 1024K, 55 young (56320K), 3 survivors (3072K)
 Metaspace       used 76477K, committed 77312K, reserved 1179648K
  class space    used 10414K, committed 10816K, reserved 1048576K
}
Event: 3087.720 GC heap after
{Heap after GC invocations=53 (full 9):
 garbage-first heap   total 102400K, used 36630K [0x0000000084000000, 0x0000000100000000)
  region size 1024K, 3 young (3072K), 3 survivors (3072K)
 Metaspace       used 76477K, committed 77312K, reserved 1179648K
  class space    used 10414K, committed 10816K, reserved 1048576K
}
Event: 4094.046 GC heap before
{Heap before GC invocations=53 (full 9):
 garbage-first heap   total 102400K, used 82710K [0x0000000084000000, 0x0000000100000000)
  region size 1024K, 49 young (50176K), 3 survivors (3072K)
 Metaspace       used 76508K, committed 77376K, reserved 1179648K
  class space    used 10415K, committed 10816K, reserved 1048576K
}
Event: 4094.101 GC heap after
{Heap after GC invocations=54 (full 10):
 garbage-first heap   total 96256K, used 25790K [0x0000000084000000, 0x0000000100000000)
  region size 1024K, 0 young (0K), 0 survivors (0K)
 Metaspace       used 76437K, committed 77376K, reserved 1179648K
  class space    used 10398K, committed 10816K, reserved 1048576K
}
Event: 4094.785 GC heap before
{Heap before GC invocations=54 (full 10):
 garbage-first heap   total 96256K, used 82110K [0x0000000084000000, 0x0000000100000000)
  region size 1024K, 56 young (57344K), 0 survivors (0K)
 Metaspace       used 76680K, committed 77568K, reserved 1179648K
  class space    used 10454K, committed 10880K, reserved 1048576K
}
Event: 4094.797 GC heap after
{Heap after GC invocations=55 (full 10):
 garbage-first heap   total 96256K, used 31450K [0x0000000084000000, 0x0000000100000000)
  region size 1024K, 6 young (6144K), 6 survivors (6144K)
 Metaspace       used 76680K, committed 77568K, reserved 1179648K
  class space    used 10454K, committed 10880K, reserved 1048576K
}
Event: 4128.760 GC heap before
{Heap before GC invocations=56 (full 10):
 garbage-first heap   total 96256K, used 59098K [0x0000000084000000, 0x0000000100000000)
  region size 1024K, 34 young (34816K), 6 survivors (6144K)
 Metaspace       used 77004K, committed 77952K, reserved 1179648K
  class space    used 10494K, committed 10944K, reserved 1048576K
}
Event: 4128.816 GC heap after
{Heap after GC invocations=57 (full 11):
 garbage-first heap   total 96256K, used 29895K [0x0000000084000000, 0x0000000100000000)
  region size 1024K, 0 young (0K), 0 survivors (0K)
 Metaspace       used 76942K, committed 77952K, reserved 1179648K
  class space    used 10480K, committed 10944K, reserved 1048576K
}
Event: 4129.247 GC heap before
{Heap before GC invocations=57 (full 11):
 garbage-first heap   total 96256K, used 82119K [0x0000000084000000, 0x0000000100000000)
  region size 1024K, 52 young (53248K), 0 survivors (0K)
 Metaspace       used 77017K, committed 77952K, reserved 1179648K
  class space    used 10495K, committed 10944K, reserved 1048576K
}
Event: 4129.251 GC heap after
{Heap after GC invocations=58 (full 11):
 garbage-first heap   total 96256K, used 34100K [0x0000000084000000, 0x0000000100000000)
  region size 1024K, 5 young (5120K), 5 survivors (5120K)
 Metaspace       used 77017K, committed 77952K, reserved 1179648K
  class space    used 10495K, committed 10944K, reserved 1048576K
}
Event: 4132.843 GC heap before
{Heap before GC invocations=59 (full 11):
 garbage-first heap   total 96256K, used 56628K [0x0000000084000000, 0x0000000100000000)
  region size 1024K, 28 young (28672K), 5 survivors (5120K)
 Metaspace       used 77244K, committed 78144K, reserved 1179648K
  class space    used 10511K, committed 10944K, reserved 1048576K
}
Event: 4132.891 GC heap after
{Heap after GC invocations=60 (full 12):
 garbage-first heap   total 96256K, used 29769K [0x0000000084000000, 0x0000000100000000)
  region size 1024K, 0 young (0K), 0 survivors (0K)
 Metaspace       used 77234K, committed 78144K, reserved 1179648K
  class space    used 10510K, committed 10944K, reserved 1048576K
}
Event: 4133.244 GC heap before
{Heap before GC invocations=60 (full 12):
 garbage-first heap   total 96256K, used 80969K [0x0000000084000000, 0x0000000100000000)
  region size 1024K, 51 young (52224K), 0 survivors (0K)
 Metaspace       used 77324K, committed 78336K, reserved 1179648K
  class space    used 10528K, committed 11008K, reserved 1048576K
}
Event: 4133.247 GC heap after
{Heap after GC invocations=61 (full 12):
 garbage-first heap   total 96256K, used 34268K [0x0000000084000000, 0x0000000100000000)
  region size 1024K, 5 young (5120K), 5 survivors (5120K)
 Metaspace       used 77324K, committed 78336K, reserved 1179648K
  class space    used 10528K, committed 11008K, reserved 1048576K
}
Event: 4641.277 GC heap before
{Heap before GC invocations=62 (full 12):
 garbage-first heap   total 96256K, used 81372K [0x0000000084000000, 0x0000000100000000)
  region size 1024K, 51 young (52224K), 5 survivors (5120K)
 Metaspace       used 77557K, committed 78528K, reserved 1179648K
  class space    used 10543K, committed 11008K, reserved 1048576K
}
Event: 4641.291 GC heap after
{Heap after GC invocations=63 (full 12):
 garbage-first heap   total 96256K, used 35132K [0x0000000084000000, 0x0000000100000000)
  region size 1024K, 3 young (3072K), 3 survivors (3072K)
 Metaspace       used 77557K, committed 78528K, reserved 1179648K
  class space    used 10543K, committed 11008K, reserved 1048576K
}

