# JRE version: Java(TM) SE Runtime Environment (21.0.2+13) (build 21.0.2+13-LTS-58)
# Java VM: Java HotSpot(TM) 64-Bit Server VM (21.0.2+13-LTS-58, mixed mode, sharing, tiered, compressed oops, compressed class ptrs, g1 gc, windows-amd64)
GC Precious Log:
 CardTable entry size: 512
 Card Set container configuration: InlinePtr #cards 5 size 8 Array Of Cards #cards 12 size 40 Howl #buckets 4 coarsen threshold 1843 Howl Bitmap #cards 512 size 80 coarsen threshold 460 Card regions per heap region 1 cards per card region 2048
 CPUs: 8 total, 8 available
 Memory: 7934M
 Large Page Support: Disabled
 NUMA Support: Disabled
 Compressed Oops: Enabled (32-bit)
 Heap Region Size: 1M
 Heap Min Capacity: 8M
 Heap Initial Capacity: 124M
 Heap Max Capacity: 1984M
 Pre-touch: Disabled
 Parallel Workers: 8
 Concurrent Workers: 2
 Concurrent Refinement Workers: 8
 Periodic GC: Disabled
Heap:
 garbage-first heap   total 81920K, used 53737K [0x0000000084000000, 0x0000000100000000)
  region size 1024K, 17 young (17408K), 2 survivors (2048K)
 Metaspace       used 81850K, committed 82624K, reserved 1179648K
  class space    used 10716K, committed 11072K, reserved 1048576K
GC Heap History (20 events):
Event: 4.986 GC heap before
{Heap before GC invocations=13 (full 0):
 garbage-first heap   total 81920K, used 70025K [0x0000000084000000, 0x0000000100000000)
  region size 1024K, 48 young (49152K), 4 survivors (4096K)
 Metaspace       used 51642K, committed 52224K, reserved 1114112K
  class space    used 6532K, committed 6784K, reserved 1048576K
}
Event: 4.990 GC heap after
{Heap after GC invocations=14 (full 0):
 garbage-first heap   total 81920K, used 27327K [0x0000000084000000, 0x0000000100000000)
  region size 1024K, 5 young (5120K), 5 survivors (5120K)
 Metaspace       used 51642K, committed 52224K, reserved 1114112K
  class space    used 6532K, committed 6784K, reserved 1048576K
}
Event: 5.380 GC heap before
{Heap before GC invocations=14 (full 0):
 garbage-first heap   total 81920K, used 70335K [0x0000000084000000, 0x0000000100000000)
  region size 1024K, 48 young (49152K), 5 survivors (5120K)
 Metaspace       used 56100K, committed 56704K, reserved 1114112K
  class space    used 7031K, committed 7296K, reserved 1048576K
}
Event: 5.384 GC heap after
{Heap after GC invocations=15 (full 0):
 garbage-first heap   total 81920K, used 28390K [0x0000000084000000, 0x0000000100000000)
  region size 1024K, 4 young (4096K), 4 survivors (4096K)
 Metaspace       used 56100K, committed 56704K, reserved 1114112K
  class space    used 7031K, committed 7296K, reserved 1048576K
}
Event: 5.636 GC heap before
{Heap before GC invocations=15 (full 0):
 garbage-first heap   total 81920K, used 60134K [0x0000000084000000, 0x0000000100000000)
  region size 1024K, 36 young (36864K), 4 survivors (4096K)
 Metaspace       used 59886K, committed 60480K, reserved 1114112K
  class space    used 7720K, committed 8000K, reserved 1048576K
}
Event: 5.640 GC heap after
{Heap after GC invocations=16 (full 0):
 garbage-first heap   total 81920K, used 28889K [0x0000000084000000, 0x0000000100000000)
  region size 1024K, 2 young (2048K), 2 survivors (2048K)
 Metaspace       used 59886K, committed 60480K, reserved 1114112K
  class space    used 7720K, committed 8000K, reserved 1048576K
}
Event: 6.025 GC heap before
{Heap before GC invocations=17 (full 0):
 garbage-first heap   total 81920K, used 74969K [0x0000000084000000, 0x0000000100000000)
  region size 1024K, 47 young (48128K), 2 survivors (2048K)
 Metaspace       used 63989K, committed 64640K, reserved 1114112K
  class space    used 8370K, committed 8640K, reserved 1048576K
}
Event: 6.028 GC heap after
{Heap after GC invocations=18 (full 0):
 garbage-first heap   total 81920K, used 29629K [0x0000000084000000, 0x0000000100000000)
  region size 1024K, 3 young (3072K), 3 survivors (3072K)
 Metaspace       used 63989K, committed 64640K, reserved 1114112K
  class space    used 8370K, committed 8640K, reserved 1048576K
}
Event: 8.951 GC heap before
{Heap before GC invocations=18 (full 0):
 garbage-first heap   total 81920K, used 73661K [0x0000000084000000, 0x0000000100000000)
  region size 1024K, 46 young (47104K), 3 survivors (3072K)
 Metaspace       used 68309K, committed 68992K, reserved 1114112K
  class space    used 8916K, committed 9216K, reserved 1048576K
}
Event: 8.956 GC heap after
{Heap after GC invocations=19 (full 0):
 garbage-first heap   total 81920K, used 31505K [0x0000000084000000, 0x0000000100000000)
  region size 1024K, 5 young (5120K), 5 survivors (5120K)
 Metaspace       used 68309K, committed 68992K, reserved 1114112K
  class space    used 8916K, committed 9216K, reserved 1048576K
}
Event: 10.808 GC heap before
{Heap before GC invocations=19 (full 0):
 garbage-first heap   total 81920K, used 71441K [0x0000000084000000, 0x0000000100000000)
  region size 1024K, 44 young (45056K), 5 survivors (5120K)
 Metaspace       used 71176K, committed 71808K, reserved 1114112K
  class space    used 9303K, committed 9600K, reserved 1048576K
}
Event: 10.814 GC heap after
{Heap after GC invocations=20 (full 0):
 garbage-first heap   total 81920K, used 33952K [0x0000000084000000, 0x0000000100000000)
  region size 1024K, 6 young (6144K), 6 survivors (6144K)
 Metaspace       used 71176K, committed 71808K, reserved 1114112K
  class space    used 9303K, committed 9600K, reserved 1048576K
}
Event: 13.486 GC heap before
{Heap before GC invocations=20 (full 0):
 garbage-first heap   total 81920K, used 70816K [0x0000000084000000, 0x0000000100000000)
  region size 1024K, 42 young (43008K), 6 survivors (6144K)
 Metaspace       used 73862K, committed 74624K, reserved 1114112K
  class space    used 9702K, committed 10048K, reserved 1048576K
}
Event: 13.493 GC heap after
{Heap after GC invocations=21 (full 0):
 garbage-first heap   total 81920K, used 35970K [0x0000000084000000, 0x0000000100000000)
  region size 1024K, 5 young (5120K), 5 survivors (5120K)
 Metaspace       used 73862K, committed 74624K, reserved 1114112K
  class space    used 9702K, committed 10048K, reserved 1048576K
}
Event: 23.708 GC heap before
{Heap before GC invocations=22 (full 0):
 garbage-first heap   total 81920K, used 70786K [0x0000000084000000, 0x0000000100000000)
  region size 1024K, 40 young (40960K), 5 survivors (5120K)
 Metaspace       used 77090K, committed 77824K, reserved 1179648K
  class space    used 10168K, committed 10496K, reserved 1048576K
}
Event: 23.714 GC heap after
{Heap after GC invocations=23 (full 0):
 garbage-first heap   total 81920K, used 38053K [0x0000000084000000, 0x0000000100000000)
  region size 1024K, 5 young (5120K), 5 survivors (5120K)
 Metaspace       used 77090K, committed 77824K, reserved 1179648K
  class space    used 10168K, committed 10496K, reserved 1048576K
}
Event: 29.684 GC heap before
{Heap before GC invocations=23 (full 0):
 garbage-first heap   total 81920K, used 70821K [0x0000000084000000, 0x0000000100000000)
  region size 1024K, 38 young (38912K), 5 survivors (5120K)
 Metaspace       used 80469K, committed 81280K, reserved 1179648K
  class space    used 10582K, committed 10944K, reserved 1048576K
}
Event: 29.689 GC heap after
{Heap after GC invocations=24 (full 0):
 garbage-first heap   total 81920K, used 39103K [0x0000000084000000, 0x0000000100000000)
  region size 1024K, 4 young (4096K), 4 survivors (4096K)
 Metaspace       used 80469K, committed 81280K, reserved 1179648K
  class space    used 10582K, committed 10944K, reserved 1048576K
}
Event: 254.170 GC heap before
{Heap before GC invocations=24 (full 0):
 garbage-first heap   total 81920K, used 71871K [0x0000000084000000, 0x0000000100000000)
  region size 1024K, 37 young (37888K), 4 survivors (4096K)
 Metaspace       used 81788K, committed 82560K, reserved 1179648K
  class space    used 10715K, committed 11072K, reserved 1048576K
}
Event: 254.175 GC heap after
{Heap after GC invocations=25 (full 0):
 garbage-first heap   total 81920K, used 39401K [0x0000000084000000, 0x0000000100000000)
  region size 1024K, 2 young (2048K), 2 survivors (2048K)
 Metaspace       used 81788K, committed 82560K, reserved 1179648K
  class space    used 10715K, committed 11072K, reserved 1048576K
}

