# JRE version: Java(TM) SE Runtime Environment (21.0.2+13) (build 21.0.2+13-LTS-58)
# Java VM: Java HotSpot(TM) 64-Bit Server VM (21.0.2+13-LTS-58, mixed mode, sharing, tiered, compressed oops, compressed class ptrs, g1 gc, windows-amd64)
GC Precious Log:
 CardTable entry size: 512
 Card Set container configuration: InlinePtr #cards 5 size 8 Array Of Cards #cards 12 size 40 Howl #buckets 4 coarsen threshold 1843 Howl Bitmap #cards 512 size 80 coarsen threshold 460 Card regions per heap region 1 cards per card region 2048
 CPUs: 8 total, 8 available
 Memory: 7934M
 Large Page Support: Disabled
 NUMA Support: Disabled
 Compressed Oops: Enabled (32-bit)
 Heap Region Size: 1M
 Heap Min Capacity: 8M
 Heap Initial Capacity: 124M
 Heap Max Capacity: 1984M
 Pre-touch: Disabled
 Parallel Workers: 8
 Concurrent Workers: 2
 Concurrent Refinement Workers: 8
 Periodic GC: Disabled
Heap:
 garbage-first heap   total 81920K, used 71857K [0x0000000084000000, 0x0000000100000000)
  region size 1024K, 35 young (35840K), 3 survivors (3072K)
 Metaspace       used 85562K, committed 86336K, reserved 1179648K
  class space    used 11081K, committed 11456K, reserved 1048576K
GC Heap History (20 events):
Event: 147.323 GC heap before
{Heap before GC invocations=23 (full 0):
 garbage-first heap   total 81920K, used 71580K [0x0000000084000000, 0x0000000100000000)
  region size 1024K, 39 young (39936K), 4 survivors (4096K)
 Metaspace       used 79674K, committed 80448K, reserved 1179648K
  class space    used 10419K, committed 10752K, reserved 1048576K
}
Event: 147.331 GC heap after
{Heap after GC invocations=24 (full 0):
 garbage-first heap   total 81920K, used 38340K [0x0000000084000000, 0x0000000100000000)
  region size 1024K, 4 young (4096K), 4 survivors (4096K)
 Metaspace       used 79674K, committed 80448K, reserved 1179648K
  class space    used 10419K, committed 10752K, reserved 1048576K
}
Event: 523.634 GC heap before
{Heap before GC invocations=24 (full 0):
 garbage-first heap   total 81920K, used 73156K [0x0000000084000000, 0x0000000100000000)
  region size 1024K, 38 young (38912K), 4 survivors (4096K)
 Metaspace       used 79814K, committed 80576K, reserved 1179648K
  class space    used 10420K, committed 10752K, reserved 1048576K
}
Event: 523.640 GC heap after
{Heap after GC invocations=25 (full 0):
 garbage-first heap   total 81920K, used 38336K [0x0000000084000000, 0x0000000100000000)
  region size 1024K, 3 young (3072K), 3 survivors (3072K)
 Metaspace       used 79814K, committed 80576K, reserved 1179648K
  class space    used 10420K, committed 10752K, reserved 1048576K
}
Event: 911.924 GC heap before
{Heap before GC invocations=26 (full 0):
 garbage-first heap   total 81920K, used 73152K [0x0000000084000000, 0x0000000100000000)
  region size 1024K, 37 young (37888K), 3 survivors (3072K)
 Metaspace       used 79832K, committed 80576K, reserved 1179648K
  class space    used 10418K, committed 10752K, reserved 1048576K
}
Event: 911.928 GC heap after
{Heap after GC invocations=27 (full 0):
 garbage-first heap   total 81920K, used 38316K [0x0000000084000000, 0x0000000100000000)
  region size 1024K, 3 young (3072K), 3 survivors (3072K)
 Metaspace       used 79832K, committed 80576K, reserved 1179648K
  class space    used 10418K, committed 10752K, reserved 1048576K
}
Event: 951.030 GC heap before
{Heap before GC invocations=27 (full 0):
 garbage-first heap   total 81920K, used 43436K [0x0000000084000000, 0x0000000100000000)
  region size 1024K, 9 young (9216K), 3 survivors (3072K)
 Metaspace       used 79966K, committed 80704K, reserved 1179648K
  class space    used 10442K, committed 10752K, reserved 1048576K
}
Event: 951.081 GC heap after
{Heap after GC invocations=28 (full 1):
 garbage-first heap   total 81920K, used 32625K [0x0000000084000000, 0x0000000100000000)
  region size 1024K, 0 young (0K), 0 survivors (0K)
 Metaspace       used 79966K, committed 80704K, reserved 1179648K
  class space    used 10442K, committed 10752K, reserved 1048576K
}
Event: 951.881 GC heap before
{Heap before GC invocations=28 (full 1):
 garbage-first heap   total 81920K, used 73585K [0x0000000084000000, 0x0000000100000000)
  region size 1024K, 41 young (41984K), 0 survivors (0K)
 Metaspace       used 80470K, committed 81216K, reserved 1179648K
  class space    used 10468K, committed 10816K, reserved 1048576K
}
Event: 951.885 GC heap after
{Heap after GC invocations=29 (full 1):
 garbage-first heap   total 81920K, used 36252K [0x0000000084000000, 0x0000000100000000)
  region size 1024K, 4 young (4096K), 4 survivors (4096K)
 Metaspace       used 80470K, committed 81216K, reserved 1179648K
  class space    used 10468K, committed 10816K, reserved 1048576K
}
Event: 954.075 GC heap before
{Heap before GC invocations=30 (full 1):
 garbage-first heap   total 81920K, used 70044K [0x0000000084000000, 0x0000000100000000)
  region size 1024K, 37 young (37888K), 4 survivors (4096K)
 Metaspace       used 81170K, committed 81920K, reserved 1179648K
  class space    used 10492K, committed 10816K, reserved 1048576K
}
Event: 954.082 GC heap after
{Heap after GC invocations=31 (full 1):
 garbage-first heap   total 81920K, used 38815K [0x0000000084000000, 0x0000000100000000)
  region size 1024K, 3 young (3072K), 3 survivors (3072K)
 Metaspace       used 81170K, committed 81920K, reserved 1179648K
  class space    used 10492K, committed 10816K, reserved 1048576K
}
Event: 1101.110 GC heap before
{Heap before GC invocations=31 (full 1):
 garbage-first heap   total 81920K, used 70559K [0x0000000084000000, 0x0000000100000000)
  region size 1024K, 34 young (34816K), 3 survivors (3072K)
 Metaspace       used 81392K, committed 82112K, reserved 1179648K
  class space    used 10501K, committed 10816K, reserved 1048576K
}
Event: 1101.115 GC heap after
{Heap after GC invocations=32 (full 1):
 garbage-first heap   total 81920K, used 39788K [0x0000000084000000, 0x0000000100000000)
  region size 1024K, 4 young (4096K), 4 survivors (4096K)
 Metaspace       used 81392K, committed 82112K, reserved 1179648K
  class space    used 10501K, committed 10816K, reserved 1048576K
}
Event: 1443.233 GC heap before
{Heap before GC invocations=32 (full 1):
 garbage-first heap   total 81920K, used 70508K [0x0000000084000000, 0x0000000100000000)
  region size 1024K, 34 young (34816K), 4 survivors (4096K)
 Metaspace       used 81412K, committed 82176K, reserved 1179648K
  class space    used 10501K, committed 10816K, reserved 1048576K
}
Event: 1443.236 GC heap after
{Heap after GC invocations=33 (full 1):
 garbage-first heap   total 81920K, used 40106K [0x0000000084000000, 0x0000000100000000)
  region size 1024K, 2 young (2048K), 2 survivors (2048K)
 Metaspace       used 81412K, committed 82176K, reserved 1179648K
  class space    used 10501K, committed 10816K, reserved 1048576K
}
Event: 1518.162 GC heap before
{Heap before GC invocations=34 (full 1):
 garbage-first heap   total 81920K, used 70826K [0x0000000084000000, 0x0000000100000000)
  region size 1024K, 33 young (33792K), 2 survivors (2048K)
 Metaspace       used 83735K, committed 84544K, reserved 1179648K
  class space    used 10831K, committed 11200K, reserved 1048576K
}
Event: 1518.165 GC heap after
{Heap after GC invocations=35 (full 1):
 garbage-first heap   total 81920K, used 40559K [0x0000000084000000, 0x0000000100000000)
  region size 1024K, 2 young (2048K), 2 survivors (2048K)
 Metaspace       used 83735K, committed 84544K, reserved 1179648K
  class space    used 10831K, committed 11200K, reserved 1048576K
}
Event: 1666.055 GC heap before
{Heap before GC invocations=35 (full 1):
 garbage-first heap   total 81920K, used 71279K [0x0000000084000000, 0x0000000100000000)
  region size 1024K, 33 young (33792K), 2 survivors (2048K)
 Metaspace       used 85513K, committed 86336K, reserved 1179648K
  class space    used 11080K, committed 11456K, reserved 1048576K
}
Event: 1666.062 GC heap after
{Heap after GC invocations=36 (full 1):
 garbage-first heap   total 81920K, used 40113K [0x0000000084000000, 0x0000000100000000)
  region size 1024K, 3 young (3072K), 3 survivors (3072K)
 Metaspace       used 85513K, committed 86336K, reserved 1179648K
  class space    used 11080K, committed 11456K, reserved 1048576K
}

