# JRE version: Java(TM) SE Runtime Environment (21.0.2+13) (build 21.0.2+13-LTS-58)
# Java VM: Java HotSpot(TM) 64-Bit Server VM (21.0.2+13-LTS-58, mixed mode, sharing, tiered, compressed oops, compressed class ptrs, g1 gc, windows-amd64)
GC Precious Log:
 CardTable entry size: 512
 Card Set container configuration: InlinePtr #cards 5 size 8 Array Of Cards #cards 12 size 40 Howl #buckets 4 coarsen threshold 1843 Howl Bitmap #cards 512 size 80 coarsen threshold 460 Card regions per heap region 1 cards per card region 2048
 CPUs: 8 total, 8 available
 Memory: 7934M
 Large Page Support: Disabled
 NUMA Support: Disabled
 Compressed Oops: Enabled (32-bit)
 Heap Region Size: 1M
 Heap Min Capacity: 8M
 Heap Initial Capacity: 124M
 Heap Max Capacity: 1984M
 Pre-touch: Disabled
 Parallel Workers: 8
 Concurrent Workers: 2
 Concurrent Refinement Workers: 8
 Periodic GC: Disabled
Heap:
 garbage-first heap   total 97280K, used 46709K [0x0000000084000000, 0x0000000100000000)
  region size 1024K, 6 young (6144K), 1 survivors (1024K)
 Metaspace       used 93828K, committed 94720K, reserved 1179648K
  class space    used 11741K, committed 12160K, reserved 1048576K
GC Heap History (20 events):
Event: 873.310 GC heap before
{Heap before GC invocations=57 (full 4):
 garbage-first heap   total 80896K, used 67399K [0x0000000084000000, 0x0000000100000000)
  region size 1024K, 34 young (34816K), 4 survivors (4096K)
 Metaspace       used 90828K, committed 91648K, reserved 1179648K
  class space    used 11538K, committed 11904K, reserved 1048576K
}
Event: 873.313 GC heap after
{Heap after GC invocations=58 (full 4):
 garbage-first heap   total 80896K, used 39654K [0x0000000084000000, 0x0000000100000000)
  region size 1024K, 3 young (3072K), 3 survivors (3072K)
 Metaspace       used 90828K, committed 91648K, reserved 1179648K
  class space    used 11538K, committed 11904K, reserved 1048576K
}
Event: 874.587 GC heap before
{Heap before GC invocations=58 (full 4):
 garbage-first heap   total 80896K, used 69350K [0x0000000084000000, 0x0000000100000000)
  region size 1024K, 32 young (32768K), 3 survivors (3072K)
 Metaspace       used 91451K, committed 92352K, reserved 1179648K
  class space    used 11568K, committed 11968K, reserved 1048576K
}
Event: 874.590 GC heap after
{Heap after GC invocations=59 (full 4):
 garbage-first heap   total 97280K, used 41862K [0x0000000084000000, 0x0000000100000000)
  region size 1024K, 4 young (4096K), 4 survivors (4096K)
 Metaspace       used 91451K, committed 92352K, reserved 1179648K
  class space    used 11568K, committed 11968K, reserved 1048576K
}
Event: 1100.285 GC heap before
{Heap before GC invocations=59 (full 4):
 garbage-first heap   total 97280K, used 81798K [0x0000000084000000, 0x0000000100000000)
  region size 1024K, 43 young (44032K), 4 survivors (4096K)
 Metaspace       used 91532K, committed 92416K, reserved 1179648K
  class space    used 11573K, committed 11968K, reserved 1048576K
}
Event: 1100.292 GC heap after
{Heap after GC invocations=60 (full 4):
 garbage-first heap   total 97280K, used 42411K [0x0000000084000000, 0x0000000100000000)
  region size 1024K, 3 young (3072K), 3 survivors (3072K)
 Metaspace       used 91532K, committed 92416K, reserved 1179648K
  class space    used 11573K, committed 11968K, reserved 1048576K
}
Event: 1456.327 GC heap before
{Heap before GC invocations=61 (full 4):
 garbage-first heap   total 97280K, used 78251K [0x0000000084000000, 0x0000000100000000)
  region size 1024K, 39 young (39936K), 3 survivors (3072K)
 Metaspace       used 91585K, committed 92480K, reserved 1179648K
  class space    used 11581K, committed 12032K, reserved 1048576K
}
Event: 1456.375 GC heap after
{Heap after GC invocations=62 (full 5):
 garbage-first heap   total 97280K, used 35228K [0x0000000084000000, 0x0000000100000000)
  region size 1024K, 0 young (0K), 0 survivors (0K)
 Metaspace       used 91571K, committed 92480K, reserved 1179648K
  class space    used 11579K, committed 12032K, reserved 1048576K
}
Event: 1456.729 GC heap before
{Heap before GC invocations=62 (full 5):
 garbage-first heap   total 97280K, used 81308K [0x0000000084000000, 0x0000000100000000)
  region size 1024K, 45 young (46080K), 0 survivors (0K)
 Metaspace       used 91862K, committed 92800K, reserved 1179648K
  class space    used 11610K, committed 12032K, reserved 1048576K
}
Event: 1456.733 GC heap after
{Heap after GC invocations=63 (full 5):
 garbage-first heap   total 97280K, used 39924K [0x0000000084000000, 0x0000000100000000)
  region size 1024K, 5 young (5120K), 5 survivors (5120K)
 Metaspace       used 91862K, committed 92800K, reserved 1179648K
  class space    used 11610K, committed 12032K, reserved 1048576K
}
Event: 1465.679 GC heap before
{Heap before GC invocations=64 (full 5):
 garbage-first heap   total 97280K, used 81908K [0x0000000084000000, 0x0000000100000000)
  region size 1024K, 47 young (48128K), 5 survivors (5120K)
 Metaspace       used 92644K, committed 93568K, reserved 1179648K
  class space    used 11662K, committed 12096K, reserved 1048576K
}
Event: 1465.684 GC heap after
{Heap after GC invocations=65 (full 5):
 garbage-first heap   total 97280K, used 42282K [0x0000000084000000, 0x0000000100000000)
  region size 1024K, 4 young (4096K), 4 survivors (4096K)
 Metaspace       used 92644K, committed 93568K, reserved 1179648K
  class space    used 11662K, committed 12096K, reserved 1048576K
}
Event: 1467.267 GC heap before
{Heap before GC invocations=65 (full 5):
 garbage-first heap   total 97280K, used 61738K [0x0000000084000000, 0x0000000100000000)
  region size 1024K, 24 young (24576K), 4 survivors (4096K)
 Metaspace       used 92758K, committed 93696K, reserved 1179648K
  class space    used 11670K, committed 12096K, reserved 1048576K
}
Event: 1467.316 GC heap after
{Heap after GC invocations=66 (full 6):
 garbage-first heap   total 97280K, used 34599K [0x0000000084000000, 0x0000000100000000)
  region size 1024K, 0 young (0K), 0 survivors (0K)
 Metaspace       used 92741K, committed 93696K, reserved 1179648K
  class space    used 11667K, committed 12096K, reserved 1048576K
}
Event: 1467.673 GC heap before
{Heap before GC invocations=66 (full 6):
 garbage-first heap   total 97280K, used 80679K [0x0000000084000000, 0x0000000100000000)
  region size 1024K, 46 young (47104K), 0 survivors (0K)
 Metaspace       used 93002K, committed 93888K, reserved 1179648K
  class space    used 11699K, committed 12096K, reserved 1048576K
}
Event: 1467.677 GC heap after
{Heap after GC invocations=67 (full 6):
 garbage-first heap   total 97280K, used 38625K [0x0000000084000000, 0x0000000100000000)
  region size 1024K, 4 young (4096K), 4 survivors (4096K)
 Metaspace       used 93002K, committed 93888K, reserved 1179648K
  class space    used 11699K, committed 12096K, reserved 1048576K
}
Event: 1469.475 GC heap before
{Heap before GC invocations=68 (full 6):
 garbage-first heap   total 97280K, used 83681K [0x0000000084000000, 0x0000000100000000)
  region size 1024K, 48 young (49152K), 4 survivors (4096K)
 Metaspace       used 93722K, committed 94656K, reserved 1179648K
  class space    used 11736K, committed 12160K, reserved 1048576K
}
Event: 1469.480 GC heap after
{Heap after GC invocations=69 (full 6):
 garbage-first heap   total 97280K, used 42036K [0x0000000084000000, 0x0000000100000000)
  region size 1024K, 4 young (4096K), 4 survivors (4096K)
 Metaspace       used 93722K, committed 94656K, reserved 1179648K
  class space    used 11736K, committed 12160K, reserved 1048576K
}
Event: 1742.305 GC heap before
{Heap before GC invocations=69 (full 6):
 garbage-first heap   total 97280K, used 84020K [0x0000000084000000, 0x0000000100000000)
  region size 1024K, 45 young (46080K), 4 survivors (4096K)
 Metaspace       used 93798K, committed 94720K, reserved 1179648K
  class space    used 11740K, committed 12160K, reserved 1048576K
}
Event: 1742.311 GC heap after
{Heap after GC invocations=70 (full 6):
 garbage-first heap   total 97280K, used 42613K [0x0000000084000000, 0x0000000100000000)
  region size 1024K, 1 young (1024K), 1 survivors (1024K)
 Metaspace       used 93798K, committed 94720K, reserved 1179648K
  class space    used 11740K, committed 12160K, reserved 1048576K
}

